[debug] [2025-11-28T16:11:00.915Z] ----------------------------------------------------------------------
[debug] [2025-11-28T16:11:00.932Z] Command:       C:\Program Files\nodejs\node.exe C:\Users\Andrés\AppData\Roaming\npm\node_modules\firebase-tools\lib\bin\firebase.js deploy --only functions
[debug] [2025-11-28T16:11:00.933Z] CLI Version:   14.26.0
[debug] [2025-11-28T16:11:00.934Z] Platform:      win32
[debug] [2025-11-28T16:11:00.934Z] Node Version:  v22.21.0
[debug] [2025-11-28T16:11:00.935Z] Time:          Fri Nov 28 2025 17:11:00 GMT+0100 (hora estándar de Europa central)
[debug] [2025-11-28T16:11:00.935Z] ----------------------------------------------------------------------
[debug] 
[debug] [2025-11-28T16:11:01.399Z] > command requires scopes: ["email","openid","https://www.googleapis.com/auth/cloudplatformprojects.readonly","https://www.googleapis.com/auth/firebase","https://www.googleapis.com/auth/cloud-platform"]
[debug] [2025-11-28T16:11:01.400Z] > authorizing via signed-in user (andresmend12@gmail.com)
[debug] [2025-11-28T16:11:01.401Z] [iam] checking project turnoshospi-f4870 for permissions ["cloudfunctions.functions.create","cloudfunctions.functions.delete","cloudfunctions.functions.get","cloudfunctions.functions.list","cloudfunctions.functions.update","cloudfunctions.operations.get","firebase.projects.get"]
[debug] [2025-11-28T16:11:01.403Z] Checked if tokens are valid: true, expires at: 1764347699096
[debug] [2025-11-28T16:11:01.403Z] Checked if tokens are valid: true, expires at: 1764347699096
[debug] [2025-11-28T16:11:01.406Z] >>> [apiv2][query] POST https://cloudresourcemanager.googleapis.com/v1/projects/turnoshospi-f4870:testIamPermissions [none]
[debug] [2025-11-28T16:11:01.407Z] >>> [apiv2][(partial)header] POST https://cloudresourcemanager.googleapis.com/v1/projects/turnoshospi-f4870:testIamPermissions x-goog-quota-user=projects/turnoshospi-f4870
[debug] [2025-11-28T16:11:01.407Z] >>> [apiv2][body] POST https://cloudresourcemanager.googleapis.com/v1/projects/turnoshospi-f4870:testIamPermissions {"permissions":["cloudfunctions.functions.create","cloudfunctions.functions.delete","cloudfunctions.functions.get","cloudfunctions.functions.list","cloudfunctions.functions.update","cloudfunctions.operations.get","firebase.projects.get"]}
[debug] [2025-11-28T16:11:02.204Z] <<< [apiv2][status] POST https://cloudresourcemanager.googleapis.com/v1/projects/turnoshospi-f4870:testIamPermissions 200
[debug] [2025-11-28T16:11:02.204Z] <<< [apiv2][body] POST https://cloudresourcemanager.googleapis.com/v1/projects/turnoshospi-f4870:testIamPermissions {"permissions":["cloudfunctions.functions.create","cloudfunctions.functions.delete","cloudfunctions.functions.get","cloudfunctions.functions.list","cloudfunctions.functions.update","cloudfunctions.operations.get","firebase.projects.get"]}
[debug] [2025-11-28T16:11:02.205Z] Checked if tokens are valid: true, expires at: 1764347699096
[debug] [2025-11-28T16:11:02.206Z] Checked if tokens are valid: true, expires at: 1764347699096
[debug] [2025-11-28T16:11:02.207Z] >>> [apiv2][query] POST https://iam.googleapis.com/v1/projects/turnoshospi-f4870/serviceAccounts/turnoshospi-f4870@appspot.gserviceaccount.com:testIamPermissions [none]
[debug] [2025-11-28T16:11:02.207Z] >>> [apiv2][body] POST https://iam.googleapis.com/v1/projects/turnoshospi-f4870/serviceAccounts/turnoshospi-f4870@appspot.gserviceaccount.com:testIamPermissions {"permissions":["iam.serviceAccounts.actAs"]}
[debug] [2025-11-28T16:11:02.880Z] <<< [apiv2][status] POST https://iam.googleapis.com/v1/projects/turnoshospi-f4870/serviceAccounts/turnoshospi-f4870@appspot.gserviceaccount.com:testIamPermissions 200
[debug] [2025-11-28T16:11:02.881Z] <<< [apiv2][body] POST https://iam.googleapis.com/v1/projects/turnoshospi-f4870/serviceAccounts/turnoshospi-f4870@appspot.gserviceaccount.com:testIamPermissions {"permissions":["iam.serviceAccounts.actAs"]}
[info] 
[info] === Deploying to 'turnoshospi-f4870'...
[info] 
[info] i  deploying functions 
[debug] [2025-11-28T16:11:02.887Z] Checked if tokens are valid: true, expires at: 1764347699096
[debug] [2025-11-28T16:11:02.887Z] Checked if tokens are valid: true, expires at: 1764347699096
[debug] [2025-11-28T16:11:02.887Z] >>> [apiv2][query] GET https://cloudresourcemanager.googleapis.com/v1/projects/turnoshospi-f4870 [none]
[debug] [2025-11-28T16:11:03.066Z] <<< [apiv2][status] GET https://cloudresourcemanager.googleapis.com/v1/projects/turnoshospi-f4870 200
[debug] [2025-11-28T16:11:03.066Z] <<< [apiv2][body] GET https://cloudresourcemanager.googleapis.com/v1/projects/turnoshospi-f4870 {"projectNumber":"130974977586","projectId":"turnoshospi-f4870","lifecycleState":"ACTIVE","name":"Turnoshospi","labels":{"firebase":"enabled","firebase-core":"disabled"},"createTime":"2025-11-24T12:55:53.604476Z"}
[info] i  functions: preparing codebase default for deployment 
[info] i  functions: ensuring required API cloudfunctions.googleapis.com is enabled... 
[info] i  functions: ensuring required API cloudbuild.googleapis.com is enabled... 
[info] i  artifactregistry: ensuring required API artifactregistry.googleapis.com is enabled... 
[debug] [2025-11-28T16:11:03.070Z] Checked if tokens are valid: true, expires at: 1764347699096
[debug] [2025-11-28T16:11:03.071Z] Checked if tokens are valid: true, expires at: 1764347699096
[debug] [2025-11-28T16:11:03.071Z] >>> [apiv2][query] GET https://firebase.googleapis.com/v1beta1/projects/turnoshospi-f4870/adminSdkConfig [none]
[debug] [2025-11-28T16:11:03.725Z] <<< [apiv2][status] GET https://firebase.googleapis.com/v1beta1/projects/turnoshospi-f4870/adminSdkConfig 200
[debug] [2025-11-28T16:11:03.726Z] <<< [apiv2][body] GET https://firebase.googleapis.com/v1beta1/projects/turnoshospi-f4870/adminSdkConfig {"projectId":"turnoshospi-f4870","databaseURL":"https://turnoshospi-f4870-default-rtdb.firebaseio.com","storageBucket":"turnoshospi-f4870.firebasestorage.app"}
[debug] [2025-11-28T16:11:03.729Z] Validating nodejs source
[debug] [2025-11-28T16:11:06.291Z] > [functions] package.json contents: {
  "name": "functions",
  "description": "Cloud Functions for Firebase",
  "scripts": {
    "serve": "firebase emulators:start --only functions",
    "shell": "firebase functions:shell",
    "start": "npm run shell",
    "deploy": "firebase deploy --only functions",
    "logs": "firebase functions:log"
  },
  "engines": {
    "node": "22"
  },
  "main": "index.js",
  "dependencies": {
    "firebase-admin": "^13.6.0",
    "firebase-functions": "^7.0.0"
  },
  "devDependencies": {
    "firebase-functions-test": "^3.4.1"
  },
  "private": true
}
[debug] [2025-11-28T16:11:06.292Z] Building nodejs source
[info] i  functions: Loading and analyzing source code for codebase default to determine what to deploy 
[debug] [2025-11-28T16:11:06.295Z] Could not find functions.yaml. Must use http discovery
[debug] [2025-11-28T16:11:06.320Z] Found firebase-functions binary at 'C:\Users\Andrés\Documents\GitHub\Turnoshospi\functions\node_modules\.bin\firebase-functions'
[info] Serving at port 8049

[debug] [2025-11-28T16:11:08.820Z] Got response from /__/functions.yaml {"endpoints":{"sendNotification":{"platform":"gcfv1","availableMemoryMb":null,"timeoutSeconds":null,"minInstances":null,"maxInstances":null,"ingressSettings":null,"serviceAccountEmail":null,"vpc":null,"eventTrigger":{"eventType":"providers/google.firebase.database/eventTypes/ref.create","eventFilters":{"resource":"projects/_/instances/turnoshospi-f4870-default-rtdb/refs/user_notifications/{userId}/{notificationId}"},"retry":false},"labels":{},"entryPoint":"sendNotification"}},"specVersion":"v1alpha1","requiredAPIs":[],"extensions":{}}
[info] i  extensions: ensuring required API firebaseextensions.googleapis.com is enabled... 
[debug] [2025-11-28T16:11:12.899Z] > command requires scopes: ["email","openid","https://www.googleapis.com/auth/cloudplatformprojects.readonly","https://www.googleapis.com/auth/firebase","https://www.googleapis.com/auth/cloud-platform"]
[debug] [2025-11-28T16:11:12.900Z] > authorizing via signed-in user (andresmend12@gmail.com)
[debug] [2025-11-28T16:11:12.900Z] [iam] checking project turnoshospi-f4870 for permissions ["firebase.projects.get","firebaseextensions.instances.list"]
[debug] [2025-11-28T16:11:12.900Z] Checked if tokens are valid: true, expires at: 1764347699096
[debug] [2025-11-28T16:11:12.900Z] Checked if tokens are valid: true, expires at: 1764347699096
[debug] [2025-11-28T16:11:12.901Z] >>> [apiv2][query] POST https://cloudresourcemanager.googleapis.com/v1/projects/turnoshospi-f4870:testIamPermissions [none]
[debug] [2025-11-28T16:11:12.901Z] >>> [apiv2][(partial)header] POST https://cloudresourcemanager.googleapis.com/v1/projects/turnoshospi-f4870:testIamPermissions x-goog-quota-user=projects/turnoshospi-f4870
[debug] [2025-11-28T16:11:12.901Z] >>> [apiv2][body] POST https://cloudresourcemanager.googleapis.com/v1/projects/turnoshospi-f4870:testIamPermissions {"permissions":["firebase.projects.get","firebaseextensions.instances.list"]}
[debug] [2025-11-28T16:11:13.081Z] <<< [apiv2][status] POST https://cloudresourcemanager.googleapis.com/v1/projects/turnoshospi-f4870:testIamPermissions 200
[debug] [2025-11-28T16:11:13.082Z] <<< [apiv2][body] POST https://cloudresourcemanager.googleapis.com/v1/projects/turnoshospi-f4870:testIamPermissions {"permissions":["firebase.projects.get","firebaseextensions.instances.list"]}
[debug] [2025-11-28T16:11:13.083Z] Checked if tokens are valid: true, expires at: 1764347699096
[debug] [2025-11-28T16:11:13.083Z] Checked if tokens are valid: true, expires at: 1764347699096
[debug] [2025-11-28T16:11:13.084Z] >>> [apiv2][query] GET https://firebaseextensions.googleapis.com/v1beta/projects/turnoshospi-f4870/instances pageSize=100&pageToken=
[debug] [2025-11-28T16:11:13.847Z] <<< [apiv2][status] GET https://firebaseextensions.googleapis.com/v1beta/projects/turnoshospi-f4870/instances 200
[debug] [2025-11-28T16:11:13.848Z] <<< [apiv2][body] GET https://firebaseextensions.googleapis.com/v1beta/projects/turnoshospi-f4870/instances {}
[info] i  functions: preparing functions directory for uploading... 
[info] i  functions: packaged C:\Users\Andrés\Documents\GitHub\Turnoshospi\functions (68.92 KB) for uploading 
[debug] [2025-11-28T16:11:13.929Z] Checked if tokens are valid: true, expires at: 1764347699096
[debug] [2025-11-28T16:11:13.929Z] Checked if tokens are valid: true, expires at: 1764347699096
[debug] [2025-11-28T16:11:13.929Z] >>> [apiv2][query] GET https://cloudfunctions.googleapis.com/v1/projects/turnoshospi-f4870/locations/-/functions [none]
[debug] [2025-11-28T16:11:14.537Z] <<< [apiv2][status] GET https://cloudfunctions.googleapis.com/v1/projects/turnoshospi-f4870/locations/-/functions 200
[debug] [2025-11-28T16:11:14.537Z] <<< [apiv2][body] GET https://cloudfunctions.googleapis.com/v1/projects/turnoshospi-f4870/locations/-/functions {"functions":[{"name":"projects/turnoshospi-f4870/locations/us-central1/functions/sendNotification","eventTrigger":{"eventType":"providers/google.firebase.database/eventTypes/ref.create","resource":"projects/_/instances/turnoshospi-f4870-default-rtdb/refs/user_notifications/{userId}/{notificationId}","service":"firebaseio.com","failurePolicy":{}},"status":"ACTIVE","entryPoint":"sendNotification","timeout":"60s","availableMemoryMb":256,"serviceAccountEmail":"turnoshospi-f4870@appspot.gserviceaccount.com","updateTime":"2025-11-28T15:59:44.528Z","versionId":"3","labels":{"deployment-tool":"cli-firebase","firebase-functions-hash":"6d3cac917bcc94e10ec6d94aab63cd7f7dc7d6f7"},"sourceUploadUrl":"https://storage.googleapis.com/uploads-477957906628.us-central1.cloudfunctions.appspot.com/cea18102-c115-42fc-b7fa-b8a047763158.zip","environmentVariables":{"FIREBASE_CONFIG":"{\"projectId\":\"turnoshospi-f4870\",\"databaseURL\":\"https://turnoshospi-f4870-default-rtdb.firebaseio.com\",\"storageBucket\":\"turnoshospi-f4870.firebasestorage.app\"}","GCLOUD_PROJECT":"turnoshospi-f4870","EVENTARC_CLOUD_EVENT_SOURCE":"projects/turnoshospi-f4870/locations/us-central1/functions/sendNotification"},"runtime":"nodejs22","maxInstances":3000,"ingressSettings":"ALLOW_ALL","buildId":"f772cfb2-f566-4253-9225-5de6db5bb421","buildEnvironmentVariables":{"GOOGLE_NODE_RUN_SCRIPTS":""},"buildName":"projects/130974977586/locations/us-central1/builds/f772cfb2-f566-4253-9225-5de6db5bb421","dockerRegistry":"ARTIFACT_REGISTRY","automaticUpdatePolicy":{},"buildServiceAccount":"projects/turnoshospi-f4870/serviceAccounts/130974977586-compute@developer.gserviceaccount.com","satisfiesPzi":true}]}
[debug] [2025-11-28T16:11:14.539Z] Checked if tokens are valid: true, expires at: 1764347699096
[debug] [2025-11-28T16:11:14.539Z] Checked if tokens are valid: true, expires at: 1764347699096
[debug] [2025-11-28T16:11:14.539Z] >>> [apiv2][query] GET https://cloudfunctions.googleapis.com/v2/projects/turnoshospi-f4870/locations/-/functions filter=environment%3D%22GEN_2%22
[debug] [2025-11-28T16:11:15.477Z] <<< [apiv2][status] GET https://cloudfunctions.googleapis.com/v2/projects/turnoshospi-f4870/locations/-/functions 200
[debug] [2025-11-28T16:11:15.477Z] <<< [apiv2][body] GET https://cloudfunctions.googleapis.com/v2/projects/turnoshospi-f4870/locations/-/functions {}
[debug] [2025-11-28T16:11:15.492Z] Checked if tokens are valid: true, expires at: 1764347699096
[debug] [2025-11-28T16:11:15.492Z] Checked if tokens are valid: true, expires at: 1764347699096
[debug] [2025-11-28T16:11:15.492Z] >>> [apiv2][query] GET https://cloudresourcemanager.googleapis.com/v1/projects/turnoshospi-f4870 [none]
[debug] [2025-11-28T16:11:15.667Z] <<< [apiv2][status] GET https://cloudresourcemanager.googleapis.com/v1/projects/turnoshospi-f4870 200
[debug] [2025-11-28T16:11:15.667Z] <<< [apiv2][body] GET https://cloudresourcemanager.googleapis.com/v1/projects/turnoshospi-f4870 {"projectNumber":"130974977586","projectId":"turnoshospi-f4870","lifecycleState":"ACTIVE","name":"Turnoshospi","labels":{"firebase":"enabled","firebase-core":"disabled"},"createTime":"2025-11-24T12:55:53.604476Z"}
[debug] [2025-11-28T16:11:15.670Z] Checked if tokens are valid: true, expires at: 1764347699096
[debug] [2025-11-28T16:11:15.671Z] Checked if tokens are valid: true, expires at: 1764347699096
[debug] [2025-11-28T16:11:15.671Z] >>> [apiv2][query] GET https://cloudbilling.googleapis.com/v1/projects/turnoshospi-f4870/billingInfo [none]
[debug] [2025-11-28T16:11:16.058Z] <<< [apiv2][status] GET https://cloudbilling.googleapis.com/v1/projects/turnoshospi-f4870/billingInfo 200
[debug] [2025-11-28T16:11:16.059Z] <<< [apiv2][body] GET https://cloudbilling.googleapis.com/v1/projects/turnoshospi-f4870/billingInfo {"name":"projects/turnoshospi-f4870/billingInfo","projectId":"turnoshospi-f4870","billingAccountName":"billingAccounts/013024-D437C1-84D9C0","billingEnabled":true}
[debug] [2025-11-28T16:11:16.065Z] Checked if tokens are valid: true, expires at: 1764347699096
[debug] [2025-11-28T16:11:16.065Z] Checked if tokens are valid: true, expires at: 1764347699096
[debug] [2025-11-28T16:11:16.066Z] >>> [apiv2][query] POST https://cloudfunctions.googleapis.com/v1/projects/turnoshospi-f4870/locations/us-central1/functions:generateUploadUrl [none]
[debug] [2025-11-28T16:11:16.066Z] >>> [apiv2][body] POST https://cloudfunctions.googleapis.com/v1/projects/turnoshospi-f4870/locations/us-central1/functions:generateUploadUrl {}
[debug] [2025-11-28T16:11:16.647Z] <<< [apiv2][status] POST https://cloudfunctions.googleapis.com/v1/projects/turnoshospi-f4870/locations/us-central1/functions:generateUploadUrl 200
[debug] [2025-11-28T16:11:16.647Z] <<< [apiv2][body] POST https://cloudfunctions.googleapis.com/v1/projects/turnoshospi-f4870/locations/us-central1/functions:generateUploadUrl {"uploadUrl":"https://storage.googleapis.com/uploads-477957906628.us-central1.cloudfunctions.appspot.com/042a2975-62d3-49b3-b8d5-ea3a79c274ad.zip?GoogleAccessId=service-130974977586@gcf-admin-robot.iam.gserviceaccount.com&Expires=1764348076&Signature=COLlEu1YK6HnO4LkFXiIq47tjtrar%2BFHhTGhIc%2BKFV2Y7cgdw85SOxAsk8CK3gQhB9OFcQ4bZ7tAAJdG%2FFMnRPPpjBGuU5qJP4gQwI9xIo4DfkCzx2t2ktAVZTH9wjr8b1cfKbcQkhb7vUca6Lnvh6GNlEun1Wk8cQlprL50aNHjwfBJKqJzDdksfLJtdMC5xAfQ3l8DIo651U4y7nsCPDXSwsAFMGkiOMaVEYC%2Bl0AuuayXZ2nqh5p%2F2cUKjerK282ASR7%2Btd5XPvVBKUZtBLQZUS8xNNj6hc3K%2BwcsBuISMdE50tDX6l3rZqLRLsX4azVVs213ZEcaiNctoU2gww%3D%3D"}
[debug] [2025-11-28T16:11:16.648Z] >>> [apiv2][query] PUT https://storage.googleapis.com/uploads-477957906628.us-central1.cloudfunctions.appspot.com/042a2975-62d3-49b3-b8d5-ea3a79c274ad.zip GoogleAccessId=service-130974977586%40gcf-admin-robot.iam.gserviceaccount.com&Expires=1764348076&Signature=COLlEu1YK6HnO4LkFXiIq47tjtrar%2BFHhTGhIc%2BKFV2Y7cgdw85SOxAsk8CK3gQhB9OFcQ4bZ7tAAJdG%2FFMnRPPpjBGuU5qJP4gQwI9xIo4DfkCzx2t2ktAVZTH9wjr8b1cfKbcQkhb7vUca6Lnvh6GNlEun1Wk8cQlprL50aNHjwfBJKqJzDdksfLJtdMC5xAfQ3l8DIo651U4y7nsCPDXSwsAFMGkiOMaVEYC%2Bl0AuuayXZ2nqh5p%2F2cUKjerK282ASR7%2Btd5XPvVBKUZtBLQZUS8xNNj6hc3K%2BwcsBuISMdE50tDX6l3rZqLRLsX4azVVs213ZEcaiNctoU2gww%3D%3D
[debug] [2025-11-28T16:11:16.648Z] >>> [apiv2][body] PUT https://storage.googleapis.com/uploads-477957906628.us-central1.cloudfunctions.appspot.com/042a2975-62d3-49b3-b8d5-ea3a79c274ad.zip [stream]
[debug] [2025-11-28T16:11:17.132Z] <<< [apiv2][status] PUT https://storage.googleapis.com/uploads-477957906628.us-central1.cloudfunctions.appspot.com/042a2975-62d3-49b3-b8d5-ea3a79c274ad.zip 200
[debug] [2025-11-28T16:11:17.133Z] <<< [apiv2][body] PUT https://storage.googleapis.com/uploads-477957906628.us-central1.cloudfunctions.appspot.com/042a2975-62d3-49b3-b8d5-ea3a79c274ad.zip [omitted]
[info] +  functions: functions source uploaded successfully 
[info] i  functions: updating Node.js 22 (1st Gen) function sendNotification(us-central1)... 
[debug] [2025-11-28T16:11:17.147Z] Checked if tokens are valid: true, expires at: 1764347699096
[debug] [2025-11-28T16:11:17.147Z] Checked if tokens are valid: true, expires at: 1764347699096
[debug] [2025-11-28T16:11:17.148Z] >>> [apiv2][query] PATCH https://cloudfunctions.googleapis.com/v1/projects/turnoshospi-f4870/locations/us-central1/functions/sendNotification updateMask=name%2CsourceUploadUrl%2CentryPoint%2Cruntime%2CdockerRegistry%2Clabels%2CeventTrigger.eventType%2CeventTrigger.resource%2CeventTrigger.failurePolicy%2CminInstances%2CmaxInstances%2CingressSettings%2CenvironmentVariables%2CserviceAccountEmail%2CavailableMemoryMb%2Ctimeout%2CvpcConnector%2CvpcConnectorEgressSettings%2CsourceToken%2CbuildEnvironmentVariables
[debug] [2025-11-28T16:11:17.148Z] >>> [apiv2][body] PATCH https://cloudfunctions.googleapis.com/v1/projects/turnoshospi-f4870/locations/us-central1/functions/sendNotification {"name":"projects/turnoshospi-f4870/locations/us-central1/functions/sendNotification","sourceUploadUrl":"https://storage.googleapis.com/uploads-477957906628.us-central1.cloudfunctions.appspot.com/042a2975-62d3-49b3-b8d5-ea3a79c274ad.zip?GoogleAccessId=service-130974977586@gcf-admin-robot.iam.gserviceaccount.com&Expires=1764348076&Signature=COLlEu1YK6HnO4LkFXiIq47tjtrar%2BFHhTGhIc%2BKFV2Y7cgdw85SOxAsk8CK3gQhB9OFcQ4bZ7tAAJdG%2FFMnRPPpjBGuU5qJP4gQwI9xIo4DfkCzx2t2ktAVZTH9wjr8b1cfKbcQkhb7vUca6Lnvh6GNlEun1Wk8cQlprL50aNHjwfBJKqJzDdksfLJtdMC5xAfQ3l8DIo651U4y7nsCPDXSwsAFMGkiOMaVEYC%2Bl0AuuayXZ2nqh5p%2F2cUKjerK282ASR7%2Btd5XPvVBKUZtBLQZUS8xNNj6hc3K%2BwcsBuISMdE50tDX6l3rZqLRLsX4azVVs213ZEcaiNctoU2gww%3D%3D","entryPoint":"sendNotification","runtime":"nodejs22","dockerRegistry":"ARTIFACT_REGISTRY","labels":{"deployment-tool":"cli-firebase","firebase-functions-hash":"9231de5b2b00a74d35438b1d49952c41eb77642b"},"eventTrigger":{"eventType":"providers/google.firebase.database/eventTypes/ref.create","resource":"projects/_/instances/turnoshospi-f4870-default-rtdb/refs/user_notifications/{userId}/{notificationId}"},"minInstances":null,"maxInstances":null,"ingressSettings":null,"environmentVariables":{"FIREBASE_CONFIG":"{\"projectId\":\"turnoshospi-f4870\",\"databaseURL\":\"https://turnoshospi-f4870-default-rtdb.firebaseio.com\",\"storageBucket\":\"turnoshospi-f4870.firebasestorage.app\"}","GCLOUD_PROJECT":"turnoshospi-f4870","EVENTARC_CLOUD_EVENT_SOURCE":"projects/turnoshospi-f4870/locations/us-central1/functions/sendNotification"},"serviceAccountEmail":null,"availableMemoryMb":null,"timeout":null,"vpcConnector":null,"vpcConnectorEgressSettings":null,"buildEnvironmentVariables":{"GOOGLE_NODE_RUN_SCRIPTS":""}}
[debug] [2025-11-28T16:11:17.654Z] <<< [apiv2][status] PATCH https://cloudfunctions.googleapis.com/v1/projects/turnoshospi-f4870/locations/us-central1/functions/sendNotification 200
[debug] [2025-11-28T16:11:17.654Z] <<< [apiv2][body] PATCH https://cloudfunctions.googleapis.com/v1/projects/turnoshospi-f4870/locations/us-central1/functions/sendNotification {"name":"operations/dHVybm9zaG9zcGktZjQ4NzAvdXMtY2VudHJhbDEvc2VuZE5vdGlmaWNhdGlvbi91UDZXRldzQ0k1UQ","metadata":{"@type":"type.googleapis.com/google.cloud.functions.v1.OperationMetadataV1","target":"projects/turnoshospi-f4870/locations/us-central1/functions/sendNotification","type":"UPDATE_FUNCTION","request":{"@type":"type.googleapis.com/google.cloud.functions.v1.CloudFunction","name":"projects/turnoshospi-f4870/locations/us-central1/functions/sendNotification","eventTrigger":{"eventType":"providers/google.firebase.database/eventTypes/ref.create","resource":"projects/_/instances/turnoshospi-f4870-default-rtdb/refs/user_notifications/{userId}/{notificationId}","service":"firebaseio.com"},"status":"ACTIVE","entryPoint":"sendNotification","updateTime":"2025-11-28T15:59:44.528Z","versionId":"3","labels":{"deployment-tool":"cli-firebase","firebase-functions-hash":"9231de5b2b00a74d35438b1d49952c41eb77642b"},"sourceUploadUrl":"https://storage.googleapis.com/uploads-477957906628.us-central1.cloudfunctions.appspot.com/042a2975-62d3-49b3-b8d5-ea3a79c274ad.zip?GoogleAccessId=service-130974977586@gcf-admin-robot.iam.gserviceaccount.com&Expires=1764348076&Signature=COLlEu1YK6HnO4LkFXiIq47tjtrar%2BFHhTGhIc%2BKFV2Y7cgdw85SOxAsk8CK3gQhB9OFcQ4bZ7tAAJdG%2FFMnRPPpjBGuU5qJP4gQwI9xIo4DfkCzx2t2ktAVZTH9wjr8b1cfKbcQkhb7vUca6Lnvh6GNlEun1Wk8cQlprL50aNHjwfBJKqJzDdksfLJtdMC5xAfQ3l8DIo651U4y7nsCPDXSwsAFMGkiOMaVEYC%2Bl0AuuayXZ2nqh5p%2F2cUKjerK282ASR7%2Btd5XPvVBKUZtBLQZUS8xNNj6hc3K%2BwcsBuISMdE50tDX6l3rZqLRLsX4azVVs213ZEcaiNctoU2gww%3D%3D","environmentVariables":{"FIREBASE_CONFIG":"{\"projectId\":\"turnoshospi-f4870\",\"databaseURL\":\"https://turnoshospi-f4870-default-rtdb.firebaseio.com\",\"storageBucket\":\"turnoshospi-f4870.firebasestorage.app\"}","GCLOUD_PROJECT":"turnoshospi-f4870","EVENTARC_CLOUD_EVENT_SOURCE":"projects/turnoshospi-f4870/locations/us-central1/functions/sendNotification"},"runtime":"nodejs22","buildId":"f772cfb2-f566-4253-9225-5de6db5bb421","buildEnvironmentVariables":{"GOOGLE_NODE_RUN_SCRIPTS":""},"buildName":"projects/130974977586/locations/us-central1/builds/f772cfb2-f566-4253-9225-5de6db5bb421","dockerRegistry":"ARTIFACT_REGISTRY","automaticUpdatePolicy":{},"buildServiceAccount":"projects/turnoshospi-f4870/serviceAccounts/130974977586-compute@developer.gserviceaccount.com"},"versionId":"4","updateTime":"2025-11-28T16:11:17Z"}}
[debug] [2025-11-28T16:11:17.655Z] Checked if tokens are valid: true, expires at: 1764347699096
[debug] [2025-11-28T16:11:17.655Z] Checked if tokens are valid: true, expires at: 1764347699096
[debug] [2025-11-28T16:11:17.656Z] >>> [apiv2][query] GET https://cloudfunctions.googleapis.com/v1/operations/dHVybm9zaG9zcGktZjQ4NzAvdXMtY2VudHJhbDEvc2VuZE5vdGlmaWNhdGlvbi91UDZXRldzQ0k1UQ [none]
[debug] [2025-11-28T16:11:17.848Z] <<< [apiv2][status] GET https://cloudfunctions.googleapis.com/v1/operations/dHVybm9zaG9zcGktZjQ4NzAvdXMtY2VudHJhbDEvc2VuZE5vdGlmaWNhdGlvbi91UDZXRldzQ0k1UQ 200
[debug] [2025-11-28T16:11:17.849Z] <<< [apiv2][body] GET https://cloudfunctions.googleapis.com/v1/operations/dHVybm9zaG9zcGktZjQ4NzAvdXMtY2VudHJhbDEvc2VuZE5vdGlmaWNhdGlvbi91UDZXRldzQ0k1UQ {"name":"operations/dHVybm9zaG9zcGktZjQ4NzAvdXMtY2VudHJhbDEvc2VuZE5vdGlmaWNhdGlvbi91UDZXRldzQ0k1UQ","metadata":{"@type":"type.googleapis.com/google.cloud.functions.v1.OperationMetadataV1","target":"projects/turnoshospi-f4870/locations/us-central1/functions/sendNotification","type":"UPDATE_FUNCTION","request":{"@type":"type.googleapis.com/google.cloud.functions.v1.CloudFunction","name":"projects/turnoshospi-f4870/locations/us-central1/functions/sendNotification","eventTrigger":{"eventType":"providers/google.firebase.database/eventTypes/ref.create","resource":"projects/_/instances/turnoshospi-f4870-default-rtdb/refs/user_notifications/{userId}/{notificationId}","service":"firebaseio.com"},"status":"ACTIVE","entryPoint":"sendNotification","updateTime":"2025-11-28T15:59:44.528Z","versionId":"3","labels":{"deployment-tool":"cli-firebase","firebase-functions-hash":"9231de5b2b00a74d35438b1d49952c41eb77642b"},"sourceUploadUrl":"https://storage.googleapis.com/uploads-477957906628.us-central1.cloudfunctions.appspot.com/042a2975-62d3-49b3-b8d5-ea3a79c274ad.zip?GoogleAccessId=service-130974977586@gcf-admin-robot.iam.gserviceaccount.com&Expires=1764348076&Signature=COLlEu1YK6HnO4LkFXiIq47tjtrar%2BFHhTGhIc%2BKFV2Y7cgdw85SOxAsk8CK3gQhB9OFcQ4bZ7tAAJdG%2FFMnRPPpjBGuU5qJP4gQwI9xIo4DfkCzx2t2ktAVZTH9wjr8b1cfKbcQkhb7vUca6Lnvh6GNlEun1Wk8cQlprL50aNHjwfBJKqJzDdksfLJtdMC5xAfQ3l8DIo651U4y7nsCPDXSwsAFMGkiOMaVEYC%2Bl0AuuayXZ2nqh5p%2F2cUKjerK282ASR7%2Btd5XPvVBKUZtBLQZUS8xNNj6hc3K%2BwcsBuISMdE50tDX6l3rZqLRLsX4azVVs213ZEcaiNctoU2gww%3D%3D","environmentVariables":{"FIREBASE_CONFIG":"{\"projectId\":\"turnoshospi-f4870\",\"databaseURL\":\"https://turnoshospi-f4870-default-rtdb.firebaseio.com\",\"storageBucket\":\"turnoshospi-f4870.firebasestorage.app\"}","GCLOUD_PROJECT":"turnoshospi-f4870","EVENTARC_CLOUD_EVENT_SOURCE":"projects/turnoshospi-f4870/locations/us-central1/functions/sendNotification"},"runtime":"nodejs22","buildId":"f772cfb2-f566-4253-9225-5de6db5bb421","buildEnvironmentVariables":{"GOOGLE_NODE_RUN_SCRIPTS":""},"buildName":"projects/130974977586/locations/us-central1/builds/f772cfb2-f566-4253-9225-5de6db5bb421","dockerRegistry":"ARTIFACT_REGISTRY","automaticUpdatePolicy":{},"buildServiceAccount":"projects/turnoshospi-f4870/serviceAccounts/130974977586-compute@developer.gserviceaccount.com"},"versionId":"4","updateTime":"2025-11-28T16:11:17Z"}}
[debug] [2025-11-28T16:11:18.361Z] [update-default-us-central1-sendNotification] Retrying task index 0
[debug] [2025-11-28T16:11:18.361Z] Checked if tokens are valid: true, expires at: 1764347699096
[debug] [2025-11-28T16:11:18.361Z] Checked if tokens are valid: true, expires at: 1764347699096
[debug] [2025-11-28T16:11:18.361Z] >>> [apiv2][query] GET https://cloudfunctions.googleapis.com/v1/operations/dHVybm9zaG9zcGktZjQ4NzAvdXMtY2VudHJhbDEvc2VuZE5vdGlmaWNhdGlvbi91UDZXRldzQ0k1UQ [none]
[debug] [2025-11-28T16:11:18.562Z] <<< [apiv2][status] GET https://cloudfunctions.googleapis.com/v1/operations/dHVybm9zaG9zcGktZjQ4NzAvdXMtY2VudHJhbDEvc2VuZE5vdGlmaWNhdGlvbi91UDZXRldzQ0k1UQ 200
[debug] [2025-11-28T16:11:18.562Z] <<< [apiv2][body] GET https://cloudfunctions.googleapis.com/v1/operations/dHVybm9zaG9zcGktZjQ4NzAvdXMtY2VudHJhbDEvc2VuZE5vdGlmaWNhdGlvbi91UDZXRldzQ0k1UQ {"name":"operations/dHVybm9zaG9zcGktZjQ4NzAvdXMtY2VudHJhbDEvc2VuZE5vdGlmaWNhdGlvbi91UDZXRldzQ0k1UQ","metadata":{"@type":"type.googleapis.com/google.cloud.functions.v1.OperationMetadataV1","target":"projects/turnoshospi-f4870/locations/us-central1/functions/sendNotification","type":"UPDATE_FUNCTION","request":{"@type":"type.googleapis.com/google.cloud.functions.v1.CloudFunction","name":"projects/turnoshospi-f4870/locations/us-central1/functions/sendNotification","eventTrigger":{"eventType":"providers/google.firebase.database/eventTypes/ref.create","resource":"projects/_/instances/turnoshospi-f4870-default-rtdb/refs/user_notifications/{userId}/{notificationId}","service":"firebaseio.com"},"status":"ACTIVE","entryPoint":"sendNotification","updateTime":"2025-11-28T15:59:44.528Z","versionId":"3","labels":{"deployment-tool":"cli-firebase","firebase-functions-hash":"9231de5b2b00a74d35438b1d49952c41eb77642b"},"sourceUploadUrl":"https://storage.googleapis.com/uploads-477957906628.us-central1.cloudfunctions.appspot.com/042a2975-62d3-49b3-b8d5-ea3a79c274ad.zip?GoogleAccessId=service-130974977586@gcf-admin-robot.iam.gserviceaccount.com&Expires=1764348076&Signature=COLlEu1YK6HnO4LkFXiIq47tjtrar%2BFHhTGhIc%2BKFV2Y7cgdw85SOxAsk8CK3gQhB9OFcQ4bZ7tAAJdG%2FFMnRPPpjBGuU5qJP4gQwI9xIo4DfkCzx2t2ktAVZTH9wjr8b1cfKbcQkhb7vUca6Lnvh6GNlEun1Wk8cQlprL50aNHjwfBJKqJzDdksfLJtdMC5xAfQ3l8DIo651U4y7nsCPDXSwsAFMGkiOMaVEYC%2Bl0AuuayXZ2nqh5p%2F2cUKjerK282ASR7%2Btd5XPvVBKUZtBLQZUS8xNNj6hc3K%2BwcsBuISMdE50tDX6l3rZqLRLsX4azVVs213ZEcaiNctoU2gww%3D%3D","environmentVariables":{"FIREBASE_CONFIG":"{\"projectId\":\"turnoshospi-f4870\",\"databaseURL\":\"https://turnoshospi-f4870-default-rtdb.firebaseio.com\",\"storageBucket\":\"turnoshospi-f4870.firebasestorage.app\"}","GCLOUD_PROJECT":"turnoshospi-f4870","EVENTARC_CLOUD_EVENT_SOURCE":"projects/turnoshospi-f4870/locations/us-central1/functions/sendNotification"},"runtime":"nodejs22","buildId":"f772cfb2-f566-4253-9225-5de6db5bb421","buildEnvironmentVariables":{"GOOGLE_NODE_RUN_SCRIPTS":""},"buildName":"projects/130974977586/locations/us-central1/builds/f772cfb2-f566-4253-9225-5de6db5bb421","dockerRegistry":"ARTIFACT_REGISTRY","automaticUpdatePolicy":{},"buildServiceAccount":"projects/turnoshospi-f4870/serviceAccounts/130974977586-compute@developer.gserviceaccount.com"},"versionId":"4","updateTime":"2025-11-28T16:11:17Z","buildId":"9b6f0c9d-091f-46a6-b8b3-3d75410fc8b5","buildName":"projects/130974977586/locations/us-central1/builds/9b6f0c9d-091f-46a6-b8b3-3d75410fc8b5"}}
[debug] [2025-11-28T16:11:19.567Z] [update-default-us-central1-sendNotification] Retrying task index 0
[debug] [2025-11-28T16:11:19.568Z] Checked if tokens are valid: true, expires at: 1764347699096
[debug] [2025-11-28T16:11:19.568Z] Checked if tokens are valid: true, expires at: 1764347699096
[debug] [2025-11-28T16:11:19.568Z] >>> [apiv2][query] GET https://cloudfunctions.googleapis.com/v1/operations/dHVybm9zaG9zcGktZjQ4NzAvdXMtY2VudHJhbDEvc2VuZE5vdGlmaWNhdGlvbi91UDZXRldzQ0k1UQ [none]
[debug] [2025-11-28T16:11:19.739Z] <<< [apiv2][status] GET https://cloudfunctions.googleapis.com/v1/operations/dHVybm9zaG9zcGktZjQ4NzAvdXMtY2VudHJhbDEvc2VuZE5vdGlmaWNhdGlvbi91UDZXRldzQ0k1UQ 200
[debug] [2025-11-28T16:11:19.740Z] <<< [apiv2][body] GET https://cloudfunctions.googleapis.com/v1/operations/dHVybm9zaG9zcGktZjQ4NzAvdXMtY2VudHJhbDEvc2VuZE5vdGlmaWNhdGlvbi91UDZXRldzQ0k1UQ {"name":"operations/dHVybm9zaG9zcGktZjQ4NzAvdXMtY2VudHJhbDEvc2VuZE5vdGlmaWNhdGlvbi91UDZXRldzQ0k1UQ","metadata":{"@type":"type.googleapis.com/google.cloud.functions.v1.OperationMetadataV1","target":"projects/turnoshospi-f4870/locations/us-central1/functions/sendNotification","type":"UPDATE_FUNCTION","request":{"@type":"type.googleapis.com/google.cloud.functions.v1.CloudFunction","name":"projects/turnoshospi-f4870/locations/us-central1/functions/sendNotification","eventTrigger":{"eventType":"providers/google.firebase.database/eventTypes/ref.create","resource":"projects/_/instances/turnoshospi-f4870-default-rtdb/refs/user_notifications/{userId}/{notificationId}","service":"firebaseio.com"},"status":"ACTIVE","entryPoint":"sendNotification","updateTime":"2025-11-28T15:59:44.528Z","versionId":"3","labels":{"deployment-tool":"cli-firebase","firebase-functions-hash":"9231de5b2b00a74d35438b1d49952c41eb77642b"},"sourceUploadUrl":"https://storage.googleapis.com/uploads-477957906628.us-central1.cloudfunctions.appspot.com/042a2975-62d3-49b3-b8d5-ea3a79c274ad.zip?GoogleAccessId=service-130974977586@gcf-admin-robot.iam.gserviceaccount.com&Expires=1764348076&Signature=COLlEu1YK6HnO4LkFXiIq47tjtrar%2BFHhTGhIc%2BKFV2Y7cgdw85SOxAsk8CK3gQhB9OFcQ4bZ7tAAJdG%2FFMnRPPpjBGuU5qJP4gQwI9xIo4DfkCzx2t2ktAVZTH9wjr8b1cfKbcQkhb7vUca6Lnvh6GNlEun1Wk8cQlprL50aNHjwfBJKqJzDdksfLJtdMC5xAfQ3l8DIo651U4y7nsCPDXSwsAFMGkiOMaVEYC%2Bl0AuuayXZ2nqh5p%2F2cUKjerK282ASR7%2Btd5XPvVBKUZtBLQZUS8xNNj6hc3K%2BwcsBuISMdE50tDX6l3rZqLRLsX4azVVs213ZEcaiNctoU2gww%3D%3D","environmentVariables":{"FIREBASE_CONFIG":"{\"projectId\":\"turnoshospi-f4870\",\"databaseURL\":\"https://turnoshospi-f4870-default-rtdb.firebaseio.com\",\"storageBucket\":\"turnoshospi-f4870.firebasestorage.app\"}","GCLOUD_PROJECT":"turnoshospi-f4870","EVENTARC_CLOUD_EVENT_SOURCE":"projects/turnoshospi-f4870/locations/us-central1/functions/sendNotification"},"runtime":"nodejs22","buildId":"f772cfb2-f566-4253-9225-5de6db5bb421","buildEnvironmentVariables":{"GOOGLE_NODE_RUN_SCRIPTS":""},"buildName":"projects/130974977586/locations/us-central1/builds/f772cfb2-f566-4253-9225-5de6db5bb421","dockerRegistry":"ARTIFACT_REGISTRY","automaticUpdatePolicy":{},"buildServiceAccount":"projects/turnoshospi-f4870/serviceAccounts/130974977586-compute@developer.gserviceaccount.com"},"versionId":"4","updateTime":"2025-11-28T16:11:17Z","buildId":"9b6f0c9d-091f-46a6-b8b3-3d75410fc8b5","buildName":"projects/130974977586/locations/us-central1/builds/9b6f0c9d-091f-46a6-b8b3-3d75410fc8b5"}}
[debug] [2025-11-28T16:11:21.740Z] [update-default-us-central1-sendNotification] Retrying task index 0
[debug] [2025-11-28T16:11:21.741Z] Checked if tokens are valid: true, expires at: 1764347699096
[debug] [2025-11-28T16:11:21.741Z] Checked if tokens are valid: true, expires at: 1764347699096
[debug] [2025-11-28T16:11:21.741Z] >>> [apiv2][query] GET https://cloudfunctions.googleapis.com/v1/operations/dHVybm9zaG9zcGktZjQ4NzAvdXMtY2VudHJhbDEvc2VuZE5vdGlmaWNhdGlvbi91UDZXRldzQ0k1UQ [none]
[debug] [2025-11-28T16:11:21.922Z] <<< [apiv2][status] GET https://cloudfunctions.googleapis.com/v1/operations/dHVybm9zaG9zcGktZjQ4NzAvdXMtY2VudHJhbDEvc2VuZE5vdGlmaWNhdGlvbi91UDZXRldzQ0k1UQ 200
[debug] [2025-11-28T16:11:21.922Z] <<< [apiv2][body] GET https://cloudfunctions.googleapis.com/v1/operations/dHVybm9zaG9zcGktZjQ4NzAvdXMtY2VudHJhbDEvc2VuZE5vdGlmaWNhdGlvbi91UDZXRldzQ0k1UQ {"name":"operations/dHVybm9zaG9zcGktZjQ4NzAvdXMtY2VudHJhbDEvc2VuZE5vdGlmaWNhdGlvbi91UDZXRldzQ0k1UQ","metadata":{"@type":"type.googleapis.com/google.cloud.functions.v1.OperationMetadataV1","target":"projects/turnoshospi-f4870/locations/us-central1/functions/sendNotification","type":"UPDATE_FUNCTION","request":{"@type":"type.googleapis.com/google.cloud.functions.v1.CloudFunction","name":"projects/turnoshospi-f4870/locations/us-central1/functions/sendNotification","eventTrigger":{"eventType":"providers/google.firebase.database/eventTypes/ref.create","resource":"projects/_/instances/turnoshospi-f4870-default-rtdb/refs/user_notifications/{userId}/{notificationId}","service":"firebaseio.com"},"status":"ACTIVE","entryPoint":"sendNotification","updateTime":"2025-11-28T15:59:44.528Z","versionId":"3","labels":{"deployment-tool":"cli-firebase","firebase-functions-hash":"9231de5b2b00a74d35438b1d49952c41eb77642b"},"sourceUploadUrl":"https://storage.googleapis.com/uploads-477957906628.us-central1.cloudfunctions.appspot.com/042a2975-62d3-49b3-b8d5-ea3a79c274ad.zip?GoogleAccessId=service-130974977586@gcf-admin-robot.iam.gserviceaccount.com&Expires=1764348076&Signature=COLlEu1YK6HnO4LkFXiIq47tjtrar%2BFHhTGhIc%2BKFV2Y7cgdw85SOxAsk8CK3gQhB9OFcQ4bZ7tAAJdG%2FFMnRPPpjBGuU5qJP4gQwI9xIo4DfkCzx2t2ktAVZTH9wjr8b1cfKbcQkhb7vUca6Lnvh6GNlEun1Wk8cQlprL50aNHjwfBJKqJzDdksfLJtdMC5xAfQ3l8DIo651U4y7nsCPDXSwsAFMGkiOMaVEYC%2Bl0AuuayXZ2nqh5p%2F2cUKjerK282ASR7%2Btd5XPvVBKUZtBLQZUS8xNNj6hc3K%2BwcsBuISMdE50tDX6l3rZqLRLsX4azVVs213ZEcaiNctoU2gww%3D%3D","environmentVariables":{"FIREBASE_CONFIG":"{\"projectId\":\"turnoshospi-f4870\",\"databaseURL\":\"https://turnoshospi-f4870-default-rtdb.firebaseio.com\",\"storageBucket\":\"turnoshospi-f4870.firebasestorage.app\"}","GCLOUD_PROJECT":"turnoshospi-f4870","EVENTARC_CLOUD_EVENT_SOURCE":"projects/turnoshospi-f4870/locations/us-central1/functions/sendNotification"},"runtime":"nodejs22","buildId":"f772cfb2-f566-4253-9225-5de6db5bb421","buildEnvironmentVariables":{"GOOGLE_NODE_RUN_SCRIPTS":""},"buildName":"projects/130974977586/locations/us-central1/builds/f772cfb2-f566-4253-9225-5de6db5bb421","dockerRegistry":"ARTIFACT_REGISTRY","automaticUpdatePolicy":{},"buildServiceAccount":"projects/turnoshospi-f4870/serviceAccounts/130974977586-compute@developer.gserviceaccount.com"},"versionId":"4","updateTime":"2025-11-28T16:11:17Z","buildId":"9b6f0c9d-091f-46a6-b8b3-3d75410fc8b5","buildName":"projects/130974977586/locations/us-central1/builds/9b6f0c9d-091f-46a6-b8b3-3d75410fc8b5"}}
[debug] [2025-11-28T16:11:25.927Z] [update-default-us-central1-sendNotification] Retrying task index 0
[debug] [2025-11-28T16:11:25.927Z] Checked if tokens are valid: true, expires at: 1764347699096
[debug] [2025-11-28T16:11:25.927Z] Checked if tokens are valid: true, expires at: 1764347699096
[debug] [2025-11-28T16:11:25.927Z] >>> [apiv2][query] GET https://cloudfunctions.googleapis.com/v1/operations/dHVybm9zaG9zcGktZjQ4NzAvdXMtY2VudHJhbDEvc2VuZE5vdGlmaWNhdGlvbi91UDZXRldzQ0k1UQ [none]
[debug] [2025-11-28T16:11:26.143Z] <<< [apiv2][status] GET https://cloudfunctions.googleapis.com/v1/operations/dHVybm9zaG9zcGktZjQ4NzAvdXMtY2VudHJhbDEvc2VuZE5vdGlmaWNhdGlvbi91UDZXRldzQ0k1UQ 200
[debug] [2025-11-28T16:11:26.143Z] <<< [apiv2][body] GET https://cloudfunctions.googleapis.com/v1/operations/dHVybm9zaG9zcGktZjQ4NzAvdXMtY2VudHJhbDEvc2VuZE5vdGlmaWNhdGlvbi91UDZXRldzQ0k1UQ {"name":"operations/dHVybm9zaG9zcGktZjQ4NzAvdXMtY2VudHJhbDEvc2VuZE5vdGlmaWNhdGlvbi91UDZXRldzQ0k1UQ","metadata":{"@type":"type.googleapis.com/google.cloud.functions.v1.OperationMetadataV1","target":"projects/turnoshospi-f4870/locations/us-central1/functions/sendNotification","type":"UPDATE_FUNCTION","request":{"@type":"type.googleapis.com/google.cloud.functions.v1.CloudFunction","name":"projects/turnoshospi-f4870/locations/us-central1/functions/sendNotification","eventTrigger":{"eventType":"providers/google.firebase.database/eventTypes/ref.create","resource":"projects/_/instances/turnoshospi-f4870-default-rtdb/refs/user_notifications/{userId}/{notificationId}","service":"firebaseio.com"},"status":"ACTIVE","entryPoint":"sendNotification","updateTime":"2025-11-28T15:59:44.528Z","versionId":"3","labels":{"deployment-tool":"cli-firebase","firebase-functions-hash":"9231de5b2b00a74d35438b1d49952c41eb77642b"},"sourceUploadUrl":"https://storage.googleapis.com/uploads-477957906628.us-central1.cloudfunctions.appspot.com/042a2975-62d3-49b3-b8d5-ea3a79c274ad.zip?GoogleAccessId=service-130974977586@gcf-admin-robot.iam.gserviceaccount.com&Expires=1764348076&Signature=COLlEu1YK6HnO4LkFXiIq47tjtrar%2BFHhTGhIc%2BKFV2Y7cgdw85SOxAsk8CK3gQhB9OFcQ4bZ7tAAJdG%2FFMnRPPpjBGuU5qJP4gQwI9xIo4DfkCzx2t2ktAVZTH9wjr8b1cfKbcQkhb7vUca6Lnvh6GNlEun1Wk8cQlprL50aNHjwfBJKqJzDdksfLJtdMC5xAfQ3l8DIo651U4y7nsCPDXSwsAFMGkiOMaVEYC%2Bl0AuuayXZ2nqh5p%2F2cUKjerK282ASR7%2Btd5XPvVBKUZtBLQZUS8xNNj6hc3K%2BwcsBuISMdE50tDX6l3rZqLRLsX4azVVs213ZEcaiNctoU2gww%3D%3D","environmentVariables":{"FIREBASE_CONFIG":"{\"projectId\":\"turnoshospi-f4870\",\"databaseURL\":\"https://turnoshospi-f4870-default-rtdb.firebaseio.com\",\"storageBucket\":\"turnoshospi-f4870.firebasestorage.app\"}","GCLOUD_PROJECT":"turnoshospi-f4870","EVENTARC_CLOUD_EVENT_SOURCE":"projects/turnoshospi-f4870/locations/us-central1/functions/sendNotification"},"runtime":"nodejs22","buildId":"f772cfb2-f566-4253-9225-5de6db5bb421","buildEnvironmentVariables":{"GOOGLE_NODE_RUN_SCRIPTS":""},"buildName":"projects/130974977586/locations/us-central1/builds/f772cfb2-f566-4253-9225-5de6db5bb421","dockerRegistry":"ARTIFACT_REGISTRY","automaticUpdatePolicy":{},"buildServiceAccount":"projects/turnoshospi-f4870/serviceAccounts/130974977586-compute@developer.gserviceaccount.com"},"versionId":"4","updateTime":"2025-11-28T16:11:17Z","buildId":"9b6f0c9d-091f-46a6-b8b3-3d75410fc8b5","buildName":"projects/130974977586/locations/us-central1/builds/9b6f0c9d-091f-46a6-b8b3-3d75410fc8b5"}}
[debug] [2025-11-28T16:11:34.155Z] [update-default-us-central1-sendNotification] Retrying task index 0
[debug] [2025-11-28T16:11:34.155Z] Checked if tokens are valid: true, expires at: 1764347699096
[debug] [2025-11-28T16:11:34.155Z] Checked if tokens are valid: true, expires at: 1764347699096
[debug] [2025-11-28T16:11:34.155Z] >>> [apiv2][query] GET https://cloudfunctions.googleapis.com/v1/operations/dHVybm9zaG9zcGktZjQ4NzAvdXMtY2VudHJhbDEvc2VuZE5vdGlmaWNhdGlvbi91UDZXRldzQ0k1UQ [none]
[debug] [2025-11-28T16:11:34.387Z] <<< [apiv2][status] GET https://cloudfunctions.googleapis.com/v1/operations/dHVybm9zaG9zcGktZjQ4NzAvdXMtY2VudHJhbDEvc2VuZE5vdGlmaWNhdGlvbi91UDZXRldzQ0k1UQ 200
[debug] [2025-11-28T16:11:34.388Z] <<< [apiv2][body] GET https://cloudfunctions.googleapis.com/v1/operations/dHVybm9zaG9zcGktZjQ4NzAvdXMtY2VudHJhbDEvc2VuZE5vdGlmaWNhdGlvbi91UDZXRldzQ0k1UQ {"name":"operations/dHVybm9zaG9zcGktZjQ4NzAvdXMtY2VudHJhbDEvc2VuZE5vdGlmaWNhdGlvbi91UDZXRldzQ0k1UQ","metadata":{"@type":"type.googleapis.com/google.cloud.functions.v1.OperationMetadataV1","target":"projects/turnoshospi-f4870/locations/us-central1/functions/sendNotification","type":"UPDATE_FUNCTION","request":{"@type":"type.googleapis.com/google.cloud.functions.v1.CloudFunction","name":"projects/turnoshospi-f4870/locations/us-central1/functions/sendNotification","eventTrigger":{"eventType":"providers/google.firebase.database/eventTypes/ref.create","resource":"projects/_/instances/turnoshospi-f4870-default-rtdb/refs/user_notifications/{userId}/{notificationId}","service":"firebaseio.com"},"status":"ACTIVE","entryPoint":"sendNotification","updateTime":"2025-11-28T15:59:44.528Z","versionId":"3","labels":{"deployment-tool":"cli-firebase","firebase-functions-hash":"9231de5b2b00a74d35438b1d49952c41eb77642b"},"sourceUploadUrl":"https://storage.googleapis.com/uploads-477957906628.us-central1.cloudfunctions.appspot.com/042a2975-62d3-49b3-b8d5-ea3a79c274ad.zip?GoogleAccessId=service-130974977586@gcf-admin-robot.iam.gserviceaccount.com&Expires=1764348076&Signature=COLlEu1YK6HnO4LkFXiIq47tjtrar%2BFHhTGhIc%2BKFV2Y7cgdw85SOxAsk8CK3gQhB9OFcQ4bZ7tAAJdG%2FFMnRPPpjBGuU5qJP4gQwI9xIo4DfkCzx2t2ktAVZTH9wjr8b1cfKbcQkhb7vUca6Lnvh6GNlEun1Wk8cQlprL50aNHjwfBJKqJzDdksfLJtdMC5xAfQ3l8DIo651U4y7nsCPDXSwsAFMGkiOMaVEYC%2Bl0AuuayXZ2nqh5p%2F2cUKjerK282ASR7%2Btd5XPvVBKUZtBLQZUS8xNNj6hc3K%2BwcsBuISMdE50tDX6l3rZqLRLsX4azVVs213ZEcaiNctoU2gww%3D%3D","environmentVariables":{"FIREBASE_CONFIG":"{\"projectId\":\"turnoshospi-f4870\",\"databaseURL\":\"https://turnoshospi-f4870-default-rtdb.firebaseio.com\",\"storageBucket\":\"turnoshospi-f4870.firebasestorage.app\"}","GCLOUD_PROJECT":"turnoshospi-f4870","EVENTARC_CLOUD_EVENT_SOURCE":"projects/turnoshospi-f4870/locations/us-central1/functions/sendNotification"},"runtime":"nodejs22","buildId":"f772cfb2-f566-4253-9225-5de6db5bb421","buildEnvironmentVariables":{"GOOGLE_NODE_RUN_SCRIPTS":""},"buildName":"projects/130974977586/locations/us-central1/builds/f772cfb2-f566-4253-9225-5de6db5bb421","dockerRegistry":"ARTIFACT_REGISTRY","automaticUpdatePolicy":{},"buildServiceAccount":"projects/turnoshospi-f4870/serviceAccounts/130974977586-compute@developer.gserviceaccount.com"},"versionId":"4","updateTime":"2025-11-28T16:11:17Z","buildId":"9b6f0c9d-091f-46a6-b8b3-3d75410fc8b5","buildName":"projects/130974977586/locations/us-central1/builds/9b6f0c9d-091f-46a6-b8b3-3d75410fc8b5"}}
[debug] [2025-11-28T16:11:44.394Z] [update-default-us-central1-sendNotification] Retrying task index 0
[debug] [2025-11-28T16:11:44.394Z] Checked if tokens are valid: true, expires at: 1764347699096
[debug] [2025-11-28T16:11:44.394Z] Checked if tokens are valid: true, expires at: 1764347699096
[debug] [2025-11-28T16:11:44.395Z] >>> [apiv2][query] GET https://cloudfunctions.googleapis.com/v1/operations/dHVybm9zaG9zcGktZjQ4NzAvdXMtY2VudHJhbDEvc2VuZE5vdGlmaWNhdGlvbi91UDZXRldzQ0k1UQ [none]
[debug] [2025-11-28T16:11:44.621Z] <<< [apiv2][status] GET https://cloudfunctions.googleapis.com/v1/operations/dHVybm9zaG9zcGktZjQ4NzAvdXMtY2VudHJhbDEvc2VuZE5vdGlmaWNhdGlvbi91UDZXRldzQ0k1UQ 200
[debug] [2025-11-28T16:11:44.621Z] <<< [apiv2][body] GET https://cloudfunctions.googleapis.com/v1/operations/dHVybm9zaG9zcGktZjQ4NzAvdXMtY2VudHJhbDEvc2VuZE5vdGlmaWNhdGlvbi91UDZXRldzQ0k1UQ {"name":"operations/dHVybm9zaG9zcGktZjQ4NzAvdXMtY2VudHJhbDEvc2VuZE5vdGlmaWNhdGlvbi91UDZXRldzQ0k1UQ","metadata":{"@type":"type.googleapis.com/google.cloud.functions.v1.OperationMetadataV1","target":"projects/turnoshospi-f4870/locations/us-central1/functions/sendNotification","type":"UPDATE_FUNCTION","request":{"@type":"type.googleapis.com/google.cloud.functions.v1.CloudFunction","name":"projects/turnoshospi-f4870/locations/us-central1/functions/sendNotification","eventTrigger":{"eventType":"providers/google.firebase.database/eventTypes/ref.create","resource":"projects/_/instances/turnoshospi-f4870-default-rtdb/refs/user_notifications/{userId}/{notificationId}","service":"firebaseio.com"},"status":"ACTIVE","entryPoint":"sendNotification","updateTime":"2025-11-28T15:59:44.528Z","versionId":"3","labels":{"deployment-tool":"cli-firebase","firebase-functions-hash":"9231de5b2b00a74d35438b1d49952c41eb77642b"},"sourceUploadUrl":"https://storage.googleapis.com/uploads-477957906628.us-central1.cloudfunctions.appspot.com/042a2975-62d3-49b3-b8d5-ea3a79c274ad.zip?GoogleAccessId=service-130974977586@gcf-admin-robot.iam.gserviceaccount.com&Expires=1764348076&Signature=COLlEu1YK6HnO4LkFXiIq47tjtrar%2BFHhTGhIc%2BKFV2Y7cgdw85SOxAsk8CK3gQhB9OFcQ4bZ7tAAJdG%2FFMnRPPpjBGuU5qJP4gQwI9xIo4DfkCzx2t2ktAVZTH9wjr8b1cfKbcQkhb7vUca6Lnvh6GNlEun1Wk8cQlprL50aNHjwfBJKqJzDdksfLJtdMC5xAfQ3l8DIo651U4y7nsCPDXSwsAFMGkiOMaVEYC%2Bl0AuuayXZ2nqh5p%2F2cUKjerK282ASR7%2Btd5XPvVBKUZtBLQZUS8xNNj6hc3K%2BwcsBuISMdE50tDX6l3rZqLRLsX4azVVs213ZEcaiNctoU2gww%3D%3D","environmentVariables":{"FIREBASE_CONFIG":"{\"projectId\":\"turnoshospi-f4870\",\"databaseURL\":\"https://turnoshospi-f4870-default-rtdb.firebaseio.com\",\"storageBucket\":\"turnoshospi-f4870.firebasestorage.app\"}","GCLOUD_PROJECT":"turnoshospi-f4870","EVENTARC_CLOUD_EVENT_SOURCE":"projects/turnoshospi-f4870/locations/us-central1/functions/sendNotification"},"runtime":"nodejs22","buildId":"f772cfb2-f566-4253-9225-5de6db5bb421","buildEnvironmentVariables":{"GOOGLE_NODE_RUN_SCRIPTS":""},"buildName":"projects/130974977586/locations/us-central1/builds/f772cfb2-f566-4253-9225-5de6db5bb421","dockerRegistry":"ARTIFACT_REGISTRY","automaticUpdatePolicy":{},"buildServiceAccount":"projects/turnoshospi-f4870/serviceAccounts/130974977586-compute@developer.gserviceaccount.com"},"versionId":"4","updateTime":"2025-11-28T16:11:17Z","buildId":"9b6f0c9d-091f-46a6-b8b3-3d75410fc8b5","buildName":"projects/130974977586/locations/us-central1/builds/9b6f0c9d-091f-46a6-b8b3-3d75410fc8b5"}}
[debug] [2025-11-28T16:11:54.626Z] [update-default-us-central1-sendNotification] Retrying task index 0
[debug] [2025-11-28T16:11:54.627Z] Checked if tokens are valid: true, expires at: 1764347699096
[debug] [2025-11-28T16:11:54.627Z] Checked if tokens are valid: true, expires at: 1764347699096
[debug] [2025-11-28T16:11:54.627Z] >>> [apiv2][query] GET https://cloudfunctions.googleapis.com/v1/operations/dHVybm9zaG9zcGktZjQ4NzAvdXMtY2VudHJhbDEvc2VuZE5vdGlmaWNhdGlvbi91UDZXRldzQ0k1UQ [none]
[debug] [2025-11-28T16:11:54.846Z] <<< [apiv2][status] GET https://cloudfunctions.googleapis.com/v1/operations/dHVybm9zaG9zcGktZjQ4NzAvdXMtY2VudHJhbDEvc2VuZE5vdGlmaWNhdGlvbi91UDZXRldzQ0k1UQ 200
[debug] [2025-11-28T16:11:54.847Z] <<< [apiv2][body] GET https://cloudfunctions.googleapis.com/v1/operations/dHVybm9zaG9zcGktZjQ4NzAvdXMtY2VudHJhbDEvc2VuZE5vdGlmaWNhdGlvbi91UDZXRldzQ0k1UQ {"name":"operations/dHVybm9zaG9zcGktZjQ4NzAvdXMtY2VudHJhbDEvc2VuZE5vdGlmaWNhdGlvbi91UDZXRldzQ0k1UQ","metadata":{"@type":"type.googleapis.com/google.cloud.functions.v1.OperationMetadataV1","target":"projects/turnoshospi-f4870/locations/us-central1/functions/sendNotification","type":"UPDATE_FUNCTION","request":{"@type":"type.googleapis.com/google.cloud.functions.v1.CloudFunction","name":"projects/turnoshospi-f4870/locations/us-central1/functions/sendNotification","eventTrigger":{"eventType":"providers/google.firebase.database/eventTypes/ref.create","resource":"projects/_/instances/turnoshospi-f4870-default-rtdb/refs/user_notifications/{userId}/{notificationId}","service":"firebaseio.com"},"status":"ACTIVE","entryPoint":"sendNotification","updateTime":"2025-11-28T15:59:44.528Z","versionId":"3","labels":{"deployment-tool":"cli-firebase","firebase-functions-hash":"9231de5b2b00a74d35438b1d49952c41eb77642b"},"sourceUploadUrl":"https://storage.googleapis.com/uploads-477957906628.us-central1.cloudfunctions.appspot.com/042a2975-62d3-49b3-b8d5-ea3a79c274ad.zip?GoogleAccessId=service-130974977586@gcf-admin-robot.iam.gserviceaccount.com&Expires=1764348076&Signature=COLlEu1YK6HnO4LkFXiIq47tjtrar%2BFHhTGhIc%2BKFV2Y7cgdw85SOxAsk8CK3gQhB9OFcQ4bZ7tAAJdG%2FFMnRPPpjBGuU5qJP4gQwI9xIo4DfkCzx2t2ktAVZTH9wjr8b1cfKbcQkhb7vUca6Lnvh6GNlEun1Wk8cQlprL50aNHjwfBJKqJzDdksfLJtdMC5xAfQ3l8DIo651U4y7nsCPDXSwsAFMGkiOMaVEYC%2Bl0AuuayXZ2nqh5p%2F2cUKjerK282ASR7%2Btd5XPvVBKUZtBLQZUS8xNNj6hc3K%2BwcsBuISMdE50tDX6l3rZqLRLsX4azVVs213ZEcaiNctoU2gww%3D%3D","environmentVariables":{"FIREBASE_CONFIG":"{\"projectId\":\"turnoshospi-f4870\",\"databaseURL\":\"https://turnoshospi-f4870-default-rtdb.firebaseio.com\",\"storageBucket\":\"turnoshospi-f4870.firebasestorage.app\"}","GCLOUD_PROJECT":"turnoshospi-f4870","EVENTARC_CLOUD_EVENT_SOURCE":"projects/turnoshospi-f4870/locations/us-central1/functions/sendNotification"},"runtime":"nodejs22","buildId":"f772cfb2-f566-4253-9225-5de6db5bb421","buildEnvironmentVariables":{"GOOGLE_NODE_RUN_SCRIPTS":""},"buildName":"projects/130974977586/locations/us-central1/builds/f772cfb2-f566-4253-9225-5de6db5bb421","dockerRegistry":"ARTIFACT_REGISTRY","automaticUpdatePolicy":{},"buildServiceAccount":"projects/turnoshospi-f4870/serviceAccounts/130974977586-compute@developer.gserviceaccount.com"},"versionId":"4","updateTime":"2025-11-28T16:11:17Z","buildId":"9b6f0c9d-091f-46a6-b8b3-3d75410fc8b5","buildName":"projects/130974977586/locations/us-central1/builds/9b6f0c9d-091f-46a6-b8b3-3d75410fc8b5"}}
